<?xml version="1.0" encoding="UTF-8"?>
<testsuite name="com.pjhn.boot.springboot.web.domain.posts.PostsRepositoryTest" tests="2" skipped="0" failures="0" errors="0" timestamp="2025-08-01T14:47:43" hostname="ASLOP" time="0.033">
  <properties/>
  <testcase name="게시글저장_불러오기()" classname="com.pjhn.boot.springboot.web.domain.posts.PostsRepositoryTest" time="0.014"/>
  <testcase name="BaseTimeEntity_등록()" classname="com.pjhn.boot.springboot.web.domain.posts.PostsRepositoryTest" time="0.018"/>
  <system-out><![CDATA[2025-08-01 23:47:42.565  INFO 40380 --- [    Test worker] .b.t.c.SpringBootTestContextBootstrapper : Neither @ContextConfiguration nor @ContextHierarchy found for test class [com.pjhn.boot.springboot.web.domain.posts.PostsRepositoryTest], using SpringBootContextLoader
2025-08-01 23:47:42.566  INFO 40380 --- [    Test worker] o.s.t.c.support.AbstractContextLoader    : Could not detect default resource locations for test class [com.pjhn.boot.springboot.web.domain.posts.PostsRepositoryTest]: no resource found for suffixes {-context.xml, Context.groovy}.
2025-08-01 23:47:42.566  INFO 40380 --- [    Test worker] t.c.s.AnnotationConfigContextLoaderUtils : Could not detect default configuration classes for test class [com.pjhn.boot.springboot.web.domain.posts.PostsRepositoryTest]: PostsRepositoryTest does not declare any static, non-private, non-final, nested classes annotated with @Configuration.
2025-08-01 23:47:42.580  INFO 40380 --- [    Test worker] .b.t.c.SpringBootTestContextBootstrapper : Found @SpringBootConfiguration com.pjhn.boot.springboot.Application for test class com.pjhn.boot.springboot.web.domain.posts.PostsRepositoryTest
2025-08-01 23:47:42.582  INFO 40380 --- [    Test worker] .b.t.c.SpringBootTestContextBootstrapper : Loaded default TestExecutionListener class names from location [META-INF/spring.factories]: [org.springframework.security.test.context.support.WithSecurityContextTestExecutionListener, org.springframework.security.test.context.support.ReactorContextTestExecutionListener, org.springframework.boot.test.autoconfigure.restdocs.RestDocsTestExecutionListener, org.springframework.boot.test.autoconfigure.web.client.MockRestServiceServerResetTestExecutionListener, org.springframework.boot.test.autoconfigure.web.servlet.MockMvcPrintOnlyOnFailureTestExecutionListener, org.springframework.boot.test.autoconfigure.web.servlet.WebDriverTestExecutionListener, org.springframework.boot.test.autoconfigure.webservices.client.MockWebServiceServerTestExecutionListener, org.springframework.boot.test.mock.mockito.MockitoTestExecutionListener, org.springframework.boot.test.mock.mockito.ResetMocksTestExecutionListener, org.springframework.test.context.web.ServletTestExecutionListener, org.springframework.test.context.support.DirtiesContextBeforeModesTestExecutionListener, org.springframework.test.context.event.ApplicationEventsTestExecutionListener, org.springframework.test.context.support.DependencyInjectionTestExecutionListener, org.springframework.test.context.support.DirtiesContextTestExecutionListener, org.springframework.test.context.transaction.TransactionalTestExecutionListener, org.springframework.test.context.jdbc.SqlScriptsTestExecutionListener, org.springframework.test.context.event.EventPublishingTestExecutionListener]
2025-08-01 23:47:42.582  INFO 40380 --- [    Test worker] .b.t.c.SpringBootTestContextBootstrapper : Using TestExecutionListeners: [org.springframework.test.context.web.ServletTestExecutionListener@3d3709d0, org.springframework.test.context.support.DirtiesContextBeforeModesTestExecutionListener@4ed761dc, org.springframework.test.context.event.ApplicationEventsTestExecutionListener@578081e5, org.springframework.boot.test.mock.mockito.MockitoTestExecutionListener@6c1f1c03, org.springframework.boot.test.autoconfigure.SpringBootDependencyInjectionTestExecutionListener@69e3e1d9, org.springframework.test.context.support.DirtiesContextTestExecutionListener@1ccfa4b8, org.springframework.test.context.transaction.TransactionalTestExecutionListener@4f93816d, org.springframework.test.context.jdbc.SqlScriptsTestExecutionListener@5bf86398, org.springframework.security.test.context.support.WithSecurityContextTestExecutionListener@2de3ac17, org.springframework.test.context.event.EventPublishingTestExecutionListener@4c683777, org.springframework.security.test.context.support.ReactorContextTestExecutionListener@1fa35f7e, org.springframework.boot.test.autoconfigure.restdocs.RestDocsTestExecutionListener@7df0bb1, org.springframework.boot.test.autoconfigure.web.client.MockRestServiceServerResetTestExecutionListener@37ec9c49, org.springframework.boot.test.autoconfigure.web.servlet.MockMvcPrintOnlyOnFailureTestExecutionListener@3ab2d64c, org.springframework.boot.test.autoconfigure.web.servlet.WebDriverTestExecutionListener@3f6f26cb, org.springframework.boot.test.autoconfigure.webservices.client.MockWebServiceServerTestExecutionListener@40123014, org.springframework.boot.test.mock.mockito.ResetMocksTestExecutionListener@13cfe28b]

  .   ____          _            __ _ _
 /\\ / ___'_ __ _ _(_)_ __  __ _ \ \ \ \
( ( )\___ | '_ | '_| | '_ \/ _` | \ \ \ \
 \\/  ___)| |_)| | | | | || (_| |  ) ) ) )
  '  |____| .__|_| |_|_| |_\__, | / / / /
 =========|_|==============|___/=/_/_/_/
 :: Spring Boot ::               (v2.7.18)

2025-08-01 23:47:42.596  INFO 40380 --- [    Test worker] c.p.b.s.w.d.posts.PostsRepositoryTest    : Starting PostsRepositoryTest using Java 17.0.11 on Aslop with PID 40380 (started by a0012 in C:\web_service_project\web-service-project)
2025-08-01 23:47:42.597  INFO 40380 --- [    Test worker] c.p.b.s.w.d.posts.PostsRepositoryTest    : No active profile set, falling back to 1 default profile: "default"
2025-08-01 23:47:42.723  INFO 40380 --- [    Test worker] .s.d.r.c.RepositoryConfigurationDelegate : Bootstrapping Spring Data JPA repositories in DEFAULT mode.
2025-08-01 23:47:42.732  INFO 40380 --- [    Test worker] .s.d.r.c.RepositoryConfigurationDelegate : Finished Spring Data repository scanning in 9 ms. Found 2 JPA repository interfaces.
2025-08-01 23:47:42.822  INFO 40380 --- [    Test worker] com.zaxxer.hikari.HikariDataSource       : HikariPool-2 - Starting...
2025-08-01 23:47:42.824  INFO 40380 --- [    Test worker] com.zaxxer.hikari.HikariDataSource       : HikariPool-2 - Start completed.
2025-08-01 23:47:42.861  INFO 40380 --- [    Test worker] o.hibernate.jpa.internal.util.LogHelper  : HHH000204: Processing PersistenceUnitInfo [name: default]
2025-08-01 23:47:42.865  INFO 40380 --- [    Test worker] org.hibernate.dialect.Dialect            : HHH000400: Using dialect: org.hibernate.dialect.H2Dialect
Hibernate: drop table if exists posts CASCADE 
Hibernate: drop table if exists users CASCADE 
Hibernate: create table posts (id bigint generated by default as identity, created_date timestamp, modified_date timestamp, author varchar(255), content TEXT not null, title varchar(500) not null, primary key (id))
Hibernate: create table users (id bigint generated by default as identity, created_date timestamp, modified_date timestamp, email varchar(255) not null, name varchar(255) not null, picture varchar(255), role varchar(255) not null, primary key (id))
2025-08-01 23:47:42.898  INFO 40380 --- [    Test worker] o.h.e.t.j.p.i.JtaPlatformInitiator       : HHH000490: Using JtaPlatform implementation: [org.hibernate.engine.transaction.jta.platform.internal.NoJtaPlatform]
2025-08-01 23:47:42.899  INFO 40380 --- [    Test worker] j.LocalContainerEntityManagerFactoryBean : Initialized JPA EntityManagerFactory for persistence unit 'default'
2025-08-01 23:47:42.986  WARN 40380 --- [    Test worker] JpaBaseConfiguration$JpaWebConfiguration : spring.jpa.open-in-view is enabled by default. Therefore, database queries may be performed during view rendering. Explicitly configure spring.jpa.open-in-view to disable this warning
2025-08-01 23:47:43.146  INFO 40380 --- [    Test worker] o.s.s.web.DefaultSecurityFilterChain     : Will secure any request with [org.springframework.security.web.session.DisableEncodeUrlFilter@2bac4423, org.springframework.security.web.context.request.async.WebAsyncManagerIntegrationFilter@37acf9b1, org.springframework.security.web.context.SecurityContextPersistenceFilter@2978d342, org.springframework.security.web.header.HeaderWriterFilter@340b7fca, org.springframework.security.web.authentication.logout.LogoutFilter@70a9f4b7, org.springframework.security.oauth2.client.web.OAuth2AuthorizationRequestRedirectFilter@62ae5180, org.springframework.security.oauth2.client.web.OAuth2LoginAuthenticationFilter@4136638d, org.springframework.security.web.authentication.ui.DefaultLoginPageGeneratingFilter@1e8f20bf, org.springframework.security.web.authentication.ui.DefaultLogoutPageGeneratingFilter@279e9c95, org.springframework.security.web.savedrequest.RequestCacheAwareFilter@7dbf92aa, org.springframework.security.web.servletapi.SecurityContextHolderAwareRequestFilter@122557f8, org.springframework.security.web.authentication.AnonymousAuthenticationFilter@5546a9e0, org.springframework.security.web.session.SessionManagementFilter@4ab8c3c0, org.springframework.security.web.access.ExceptionTranslationFilter@2aafd790, org.springframework.security.web.access.intercept.FilterSecurityInterceptor@6d7e2c53]
2025-08-01 23:47:43.303  INFO 40380 --- [    Test worker] o.s.b.a.h2.H2ConsoleAutoConfiguration    : H2 console available at '/h2-console'. Database available at 'jdbc:h2:mem:94933a45-d58e-403b-8540-0ca152c3d192'
2025-08-01 23:47:43.310  INFO 40380 --- [    Test worker] o.s.b.a.w.s.WelcomePageHandlerMapping    : Adding welcome page template: index
2025-08-01 23:47:43.556  INFO 40380 --- [    Test worker] s.a.ScheduledAnnotationBeanPostProcessor : No TaskScheduler/ScheduledExecutorService bean found for scheduled processing
2025-08-01 23:47:43.557  INFO 40380 --- [    Test worker] c.p.b.s.w.d.posts.PostsRepositoryTest    : Started PostsRepositoryTest in 0.972 seconds (JVM running for 6.984)
Hibernate: insert into posts (id, created_date, modified_date, author, content, title) values (default, ?, ?, ?, ?, ?)
Hibernate: select posts0_.id as id1_0_, posts0_.created_date as created_2_0_, posts0_.modified_date as modified3_0_, posts0_.author as author4_0_, posts0_.content as content5_0_, posts0_.title as title6_0_ from posts posts0_
Hibernate: select posts0_.id as id1_0_, posts0_.created_date as created_2_0_, posts0_.modified_date as modified3_0_, posts0_.author as author4_0_, posts0_.content as content5_0_, posts0_.title as title6_0_ from posts posts0_
Hibernate: delete from posts where id=?
Hibernate: insert into posts (id, created_date, modified_date, author, content, title) values (default, ?, ?, ?, ?, ?)
Hibernate: select posts0_.id as id1_0_, posts0_.created_date as created_2_0_, posts0_.modified_date as modified3_0_, posts0_.author as author4_0_, posts0_.content as content5_0_, posts0_.title as title6_0_ from posts posts0_
>>>>>>> createdDate=2025-08-01T23:47:43.576298, modifiedDate=2025-08-01T23:47:43.576298
Hibernate: select posts0_.id as id1_0_, posts0_.created_date as created_2_0_, posts0_.modified_date as modified3_0_, posts0_.author as author4_0_, posts0_.content as content5_0_, posts0_.title as title6_0_ from posts posts0_
Hibernate: delete from posts where id=?
]]></system-out>
  <system-err><![CDATA[]]></system-err>
</testsuite>
