<?xml version="1.0" encoding="UTF-8"?>
<testsuite name="com.pjhn.boot.springboot.web.PostsApiControllerTest" tests="2" skipped="0" failures="0" errors="0" timestamp="2025-08-01T14:47:42" hostname="ASLOP" time="0.138">
  <properties/>
  <testcase name="수정된다()" classname="com.pjhn.boot.springboot.web.PostsApiControllerTest" time="0.108"/>
  <testcase name="Posts_등록된다()" classname="com.pjhn.boot.springboot.web.PostsApiControllerTest" time="0.027"/>
  <system-out><![CDATA[2025-08-01 23:47:42.419  INFO 40380 --- [    Test worker] .b.t.c.SpringBootTestContextBootstrapper : Neither @ContextConfiguration nor @ContextHierarchy found for test class [com.pjhn.boot.springboot.web.PostsApiControllerTest], using SpringBootContextLoader
2025-08-01 23:47:42.420  INFO 40380 --- [    Test worker] o.s.t.c.support.AbstractContextLoader    : Could not detect default resource locations for test class [com.pjhn.boot.springboot.web.PostsApiControllerTest]: no resource found for suffixes {-context.xml, Context.groovy}.
2025-08-01 23:47:42.420  INFO 40380 --- [    Test worker] t.c.s.AnnotationConfigContextLoaderUtils : Could not detect default configuration classes for test class [com.pjhn.boot.springboot.web.PostsApiControllerTest]: PostsApiControllerTest does not declare any static, non-private, non-final, nested classes annotated with @Configuration.
2025-08-01 23:47:42.421  INFO 40380 --- [    Test worker] .b.t.c.SpringBootTestContextBootstrapper : Found @SpringBootConfiguration com.pjhn.boot.springboot.Application for test class com.pjhn.boot.springboot.web.PostsApiControllerTest
2025-08-01 23:47:42.422  INFO 40380 --- [    Test worker] .b.t.c.SpringBootTestContextBootstrapper : Loaded default TestExecutionListener class names from location [META-INF/spring.factories]: [org.springframework.security.test.context.support.WithSecurityContextTestExecutionListener, org.springframework.security.test.context.support.ReactorContextTestExecutionListener, org.springframework.boot.test.autoconfigure.restdocs.RestDocsTestExecutionListener, org.springframework.boot.test.autoconfigure.web.client.MockRestServiceServerResetTestExecutionListener, org.springframework.boot.test.autoconfigure.web.servlet.MockMvcPrintOnlyOnFailureTestExecutionListener, org.springframework.boot.test.autoconfigure.web.servlet.WebDriverTestExecutionListener, org.springframework.boot.test.autoconfigure.webservices.client.MockWebServiceServerTestExecutionListener, org.springframework.boot.test.mock.mockito.MockitoTestExecutionListener, org.springframework.boot.test.mock.mockito.ResetMocksTestExecutionListener, org.springframework.test.context.web.ServletTestExecutionListener, org.springframework.test.context.support.DirtiesContextBeforeModesTestExecutionListener, org.springframework.test.context.event.ApplicationEventsTestExecutionListener, org.springframework.test.context.support.DependencyInjectionTestExecutionListener, org.springframework.test.context.support.DirtiesContextTestExecutionListener, org.springframework.test.context.transaction.TransactionalTestExecutionListener, org.springframework.test.context.jdbc.SqlScriptsTestExecutionListener, org.springframework.test.context.event.EventPublishingTestExecutionListener]
2025-08-01 23:47:42.423  INFO 40380 --- [    Test worker] .b.t.c.SpringBootTestContextBootstrapper : Using TestExecutionListeners: [org.springframework.test.context.web.ServletTestExecutionListener@6479b4cb, org.springframework.test.context.support.DirtiesContextBeforeModesTestExecutionListener@135ec43a, org.springframework.test.context.event.ApplicationEventsTestExecutionListener@69fc5803, org.springframework.boot.test.mock.mockito.MockitoTestExecutionListener@7f50b08a, org.springframework.boot.test.autoconfigure.SpringBootDependencyInjectionTestExecutionListener@56a69c47, org.springframework.test.context.support.DirtiesContextTestExecutionListener@333cedbd, org.springframework.test.context.transaction.TransactionalTestExecutionListener@388b9799, org.springframework.test.context.jdbc.SqlScriptsTestExecutionListener@4225b4e2, org.springframework.security.test.context.support.WithSecurityContextTestExecutionListener@20834c45, org.springframework.test.context.event.EventPublishingTestExecutionListener@74061ced, org.springframework.security.test.context.support.ReactorContextTestExecutionListener@10d56aab, org.springframework.boot.test.autoconfigure.restdocs.RestDocsTestExecutionListener@7fb84ef7, org.springframework.boot.test.autoconfigure.web.client.MockRestServiceServerResetTestExecutionListener@4563d421, org.springframework.boot.test.autoconfigure.web.servlet.MockMvcPrintOnlyOnFailureTestExecutionListener@1465914, org.springframework.boot.test.autoconfigure.web.servlet.WebDriverTestExecutionListener@3a7deba5, org.springframework.boot.test.autoconfigure.webservices.client.MockWebServiceServerTestExecutionListener@78fc5eb, org.springframework.boot.test.mock.mockito.ResetMocksTestExecutionListener@5c96cbe7]
2025-08-01 23:47:42.432  INFO 40380 --- [    Test worker] o.a.c.c.C.[Tomcat].[localhost].[/]       : Initializing Spring TestDispatcherServlet ''
2025-08-01 23:47:42.432  INFO 40380 --- [    Test worker] o.s.t.web.servlet.TestDispatcherServlet  : Initializing Servlet ''
2025-08-01 23:47:42.433  INFO 40380 --- [    Test worker] o.s.t.web.servlet.TestDispatcherServlet  : Completed initialization in 1 ms
Hibernate: insert into posts (id, created_date, modified_date, author, content, title) values (default, ?, ?, ?, ?, ?)
Hibernate: select posts0_.id as id1_0_0_, posts0_.created_date as created_2_0_0_, posts0_.modified_date as modified3_0_0_, posts0_.author as author4_0_0_, posts0_.content as content5_0_0_, posts0_.title as title6_0_0_ from posts posts0_ where posts0_.id=?
Hibernate: update posts set created_date=?, modified_date=?, author=?, content=?, title=? where id=?
Hibernate: select posts0_.id as id1_0_, posts0_.created_date as created_2_0_, posts0_.modified_date as modified3_0_, posts0_.author as author4_0_, posts0_.content as content5_0_, posts0_.title as title6_0_ from posts posts0_
Hibernate: select posts0_.id as id1_0_, posts0_.created_date as created_2_0_, posts0_.modified_date as modified3_0_, posts0_.author as author4_0_, posts0_.content as content5_0_, posts0_.title as title6_0_ from posts posts0_
Hibernate: delete from posts where id=?
2025-08-01 23:47:42.541  INFO 40380 --- [    Test worker] o.a.c.c.C.[Tomcat].[localhost].[/]       : Initializing Spring TestDispatcherServlet ''
2025-08-01 23:47:42.541  INFO 40380 --- [    Test worker] o.s.t.web.servlet.TestDispatcherServlet  : Initializing Servlet ''
2025-08-01 23:47:42.544  INFO 40380 --- [    Test worker] o.s.t.web.servlet.TestDispatcherServlet  : Completed initialization in 3 ms
Hibernate: insert into posts (id, created_date, modified_date, author, content, title) values (default, ?, ?, ?, ?, ?)
Hibernate: select posts0_.id as id1_0_, posts0_.created_date as created_2_0_, posts0_.modified_date as modified3_0_, posts0_.author as author4_0_, posts0_.content as content5_0_, posts0_.title as title6_0_ from posts posts0_
Hibernate: select posts0_.id as id1_0_, posts0_.created_date as created_2_0_, posts0_.modified_date as modified3_0_, posts0_.author as author4_0_, posts0_.content as content5_0_, posts0_.title as title6_0_ from posts posts0_
Hibernate: delete from posts where id=?
]]></system-out>
  <system-err><![CDATA[]]></system-err>
</testsuite>
