<?xml version="1.0" encoding="UTF-8"?>
<testsuite name="com.pjhn.boot.springboot.web.HelloControllerTest" tests="2" skipped="0" failures="0" errors="0" timestamp="2025-08-01T14:47:39" hostname="ASLOP" time="0.414">
  <properties/>
  <testcase name="hello가_리턴된다()" classname="com.pjhn.boot.springboot.web.HelloControllerTest" time="0.359"/>
  <testcase name="helloDto가_리턴된다()" classname="com.pjhn.boot.springboot.web.HelloControllerTest" time="0.054"/>
  <system-out><![CDATA[23:47:37.259 [Test worker] DEBUG org.springframework.test.context.BootstrapUtils - Instantiating CacheAwareContextLoaderDelegate from class [org.springframework.test.context.cache.DefaultCacheAwareContextLoaderDelegate]
23:47:37.267 [Test worker] DEBUG org.springframework.test.context.BootstrapUtils - Instantiating BootstrapContext using constructor [public org.springframework.test.context.support.DefaultBootstrapContext(java.lang.Class,org.springframework.test.context.CacheAwareContextLoaderDelegate)]
23:47:37.296 [Test worker] DEBUG org.springframework.test.context.BootstrapUtils - Instantiating TestContextBootstrapper for test class [com.pjhn.boot.springboot.web.HelloControllerTest] from class [org.springframework.boot.test.autoconfigure.web.servlet.WebMvcTestContextBootstrapper]
23:47:37.304 [Test worker] INFO org.springframework.boot.test.autoconfigure.web.servlet.WebMvcTestContextBootstrapper - Neither @ContextConfiguration nor @ContextHierarchy found for test class [com.pjhn.boot.springboot.web.HelloControllerTest], using SpringBootContextLoader
23:47:37.307 [Test worker] DEBUG org.springframework.test.context.support.AbstractContextLoader - Did not detect default resource location for test class [com.pjhn.boot.springboot.web.HelloControllerTest]: class path resource [com/pjhn/boot/springboot/web/HelloControllerTest-context.xml] does not exist
23:47:37.307 [Test worker] DEBUG org.springframework.test.context.support.AbstractContextLoader - Did not detect default resource location for test class [com.pjhn.boot.springboot.web.HelloControllerTest]: class path resource [com/pjhn/boot/springboot/web/HelloControllerTestContext.groovy] does not exist
23:47:37.307 [Test worker] INFO org.springframework.test.context.support.AbstractContextLoader - Could not detect default resource locations for test class [com.pjhn.boot.springboot.web.HelloControllerTest]: no resource found for suffixes {-context.xml, Context.groovy}.
23:47:37.307 [Test worker] INFO org.springframework.test.context.support.AnnotationConfigContextLoaderUtils - Could not detect default configuration classes for test class [com.pjhn.boot.springboot.web.HelloControllerTest]: HelloControllerTest does not declare any static, non-private, non-final, nested classes annotated with @Configuration.
23:47:37.367 [Test worker] DEBUG org.springframework.test.context.support.ActiveProfilesUtils - Could not find an 'annotation declaring class' for annotation type [org.springframework.test.context.ActiveProfiles] and class [com.pjhn.boot.springboot.web.HelloControllerTest]
23:47:37.413 [Test worker] DEBUG org.springframework.context.annotation.ClassPathScanningCandidateComponentProvider - Identified candidate component class: file [C:\web_service_project\web-service-project\build\classes\java\main\com\pjhn\boot\springboot\Application.class]
23:47:37.414 [Test worker] INFO org.springframework.boot.test.context.SpringBootTestContextBootstrapper - Found @SpringBootConfiguration com.pjhn.boot.springboot.Application for test class com.pjhn.boot.springboot.web.HelloControllerTest
23:47:37.416 [Test worker] DEBUG org.springframework.boot.test.autoconfigure.web.servlet.WebMvcTestContextBootstrapper - @TestExecutionListeners is not present for class [com.pjhn.boot.springboot.web.HelloControllerTest]: using defaults.
23:47:37.417 [Test worker] INFO org.springframework.boot.test.autoconfigure.web.servlet.WebMvcTestContextBootstrapper - Loaded default TestExecutionListener class names from location [META-INF/spring.factories]: [org.springframework.security.test.context.support.WithSecurityContextTestExecutionListener, org.springframework.security.test.context.support.ReactorContextTestExecutionListener, org.springframework.boot.test.autoconfigure.restdocs.RestDocsTestExecutionListener, org.springframework.boot.test.autoconfigure.web.client.MockRestServiceServerResetTestExecutionListener, org.springframework.boot.test.autoconfigure.web.servlet.MockMvcPrintOnlyOnFailureTestExecutionListener, org.springframework.boot.test.autoconfigure.web.servlet.WebDriverTestExecutionListener, org.springframework.boot.test.autoconfigure.webservices.client.MockWebServiceServerTestExecutionListener, org.springframework.boot.test.mock.mockito.MockitoTestExecutionListener, org.springframework.boot.test.mock.mockito.ResetMocksTestExecutionListener, org.springframework.test.context.web.ServletTestExecutionListener, org.springframework.test.context.support.DirtiesContextBeforeModesTestExecutionListener, org.springframework.test.context.event.ApplicationEventsTestExecutionListener, org.springframework.test.context.support.DependencyInjectionTestExecutionListener, org.springframework.test.context.support.DirtiesContextTestExecutionListener, org.springframework.test.context.transaction.TransactionalTestExecutionListener, org.springframework.test.context.jdbc.SqlScriptsTestExecutionListener, org.springframework.test.context.event.EventPublishingTestExecutionListener]
23:47:37.432 [Test worker] INFO org.springframework.boot.test.autoconfigure.web.servlet.WebMvcTestContextBootstrapper - Using TestExecutionListeners: [org.springframework.test.context.web.ServletTestExecutionListener@33e01298, org.springframework.test.context.support.DirtiesContextBeforeModesTestExecutionListener@31e75d13, org.springframework.test.context.event.ApplicationEventsTestExecutionListener@a5b0b86, org.springframework.boot.test.mock.mockito.MockitoTestExecutionListener@4b3c354a, org.springframework.boot.test.autoconfigure.SpringBootDependencyInjectionTestExecutionListener@78fb9a67, org.springframework.test.context.support.DirtiesContextTestExecutionListener@73ff4fae, org.springframework.test.context.transaction.TransactionalTestExecutionListener@21aa6d6c, org.springframework.test.context.jdbc.SqlScriptsTestExecutionListener@b968a76, org.springframework.security.test.context.support.WithSecurityContextTestExecutionListener@2f9a01c1, org.springframework.test.context.event.EventPublishingTestExecutionListener@2611b9a3, org.springframework.security.test.context.support.ReactorContextTestExecutionListener@54227100, org.springframework.boot.test.autoconfigure.restdocs.RestDocsTestExecutionListener@6b5894c8, org.springframework.boot.test.autoconfigure.web.client.MockRestServiceServerResetTestExecutionListener@1433046b, org.springframework.boot.test.autoconfigure.web.servlet.MockMvcPrintOnlyOnFailureTestExecutionListener@3f446bef, org.springframework.boot.test.autoconfigure.web.servlet.WebDriverTestExecutionListener@7829b776, org.springframework.boot.test.autoconfigure.webservices.client.MockWebServiceServerTestExecutionListener@5778826f, org.springframework.boot.test.mock.mockito.ResetMocksTestExecutionListener@5b64c4b7]
23:47:37.435 [Test worker] DEBUG org.springframework.test.context.support.AbstractDirtiesContextTestExecutionListener - Before test class: context [DefaultTestContext@55e8ec2f testClass = HelloControllerTest, testInstance = [null], testMethod = [null], testException = [null], mergedContextConfiguration = [WebMergedContextConfiguration@4f2613d1 testClass = HelloControllerTest, locations = '{}', classes = '{class com.pjhn.boot.springboot.Application}', contextInitializerClasses = '[]', activeProfiles = '{}', propertySourceLocations = '{}', propertySourceProperties = '{org.springframework.boot.test.autoconfigure.web.servlet.WebMvcTestContextBootstrapper=true}', contextCustomizers = set[org.springframework.boot.test.autoconfigure.OverrideAutoConfigurationContextCustomizerFactory$DisableAutoConfigurationContextCustomizer@7d64e326, org.springframework.boot.test.autoconfigure.actuate.metrics.MetricsExportContextCustomizerFactory$DisableMetricExportContextCustomizer@6b8d96d9, org.springframework.boot.test.autoconfigure.filter.TypeExcludeFiltersContextCustomizer@96199a2f, org.springframework.boot.test.autoconfigure.properties.PropertyMappingContextCustomizer@231b7c59, org.springframework.boot.test.autoconfigure.web.servlet.WebDriverContextCustomizerFactory$Customizer@2dd80673, [ImportsContextCustomizer@6d24ffa1 key = [org.springframework.boot.autoconfigure.task.TaskExecutionAutoConfiguration, org.springframework.boot.autoconfigure.cache.CacheAutoConfiguration, org.springframework.boot.autoconfigure.web.servlet.HttpEncodingAutoConfiguration, org.springframework.boot.autoconfigure.validation.ValidationAutoConfiguration, org.springframework.boot.autoconfigure.context.MessageSourceAutoConfiguration, org.springframework.boot.autoconfigure.hateoas.HypermediaAutoConfiguration, org.springframework.boot.autoconfigure.data.web.SpringDataWebAutoConfiguration, org.springframework.boot.autoconfigure.jackson.JacksonAutoConfiguration, org.springframework.boot.test.autoconfigure.web.reactive.WebTestClientAutoConfiguration, org.springframework.boot.autoconfigure.web.servlet.error.ErrorMvcAutoConfiguration, org.springframework.boot.test.autoconfigure.web.servlet.MockMvcAutoConfiguration, org.springframework.boot.autoconfigure.security.servlet.SecurityAutoConfiguration, org.springframework.boot.autoconfigure.security.servlet.SecurityFilterAutoConfiguration, org.springframework.boot.autoconfigure.http.HttpMessageConvertersAutoConfiguration, org.springframework.boot.autoconfigure.security.oauth2.client.servlet.OAuth2ClientAutoConfiguration, org.springframework.boot.test.autoconfigure.web.servlet.MockMvcSecurityConfiguration, org.springframework.boot.test.autoconfigure.web.servlet.MockMvcWebClientAutoConfiguration, org.springframework.boot.test.autoconfigure.web.servlet.MockMvcWebDriverAutoConfiguration, org.springframework.boot.autoconfigure.thymeleaf.ThymeleafAutoConfiguration, org.springframework.boot.autoconfigure.gson.GsonAutoConfiguration, org.springframework.boot.autoconfigure.jsonb.JsonbAutoConfiguration, org.springframework.boot.autoconfigure.freemarker.FreeMarkerAutoConfiguration, org.springframework.boot.autoconfigure.web.servlet.WebMvcAutoConfiguration, org.springframework.boot.autoconfigure.security.servlet.UserDetailsServiceAutoConfiguration, org.springframework.boot.autoconfigure.security.oauth2.resource.servlet.OAuth2ResourceServerAutoConfiguration, org.springframework.boot.autoconfigure.groovy.template.GroovyTemplateAutoConfiguration, org.springframework.boot.autoconfigure.mustache.MustacheAutoConfiguration]], org.springframework.boot.test.context.filter.ExcludeFilterContextCustomizer@6f2cfcc2, org.springframework.boot.test.json.DuplicateJsonObjectContextCustomizerFactory$DuplicateJsonObjectContextCustomizer@ccb4b1b, org.springframework.boot.test.mock.mockito.MockitoContextCustomizer@0, org.springframework.boot.test.context.SpringBootTestArgs@1, org.springframework.boot.test.context.SpringBootTestWebEnvironment@0], resourceBasePath = 'src/main/webapp', contextLoader = 'org.springframework.boot.test.context.SpringBootContextLoader', parent = [null]], attributes = map[[empty]]], class annotated with @DirtiesContext [false] with mode [null].
23:47:37.445 [Test worker] DEBUG org.springframework.test.context.support.DependencyInjectionTestExecutionListener - Performing dependency injection for test context [[DefaultTestContext@55e8ec2f testClass = HelloControllerTest, testInstance = com.pjhn.boot.springboot.web.HelloControllerTest@1ddae9b5, testMethod = [null], testException = [null], mergedContextConfiguration = [WebMergedContextConfiguration@4f2613d1 testClass = HelloControllerTest, locations = '{}', classes = '{class com.pjhn.boot.springboot.Application}', contextInitializerClasses = '[]', activeProfiles = '{}', propertySourceLocations = '{}', propertySourceProperties = '{org.springframework.boot.test.autoconfigure.web.servlet.WebMvcTestContextBootstrapper=true}', contextCustomizers = set[org.springframework.boot.test.autoconfigure.OverrideAutoConfigurationContextCustomizerFactory$DisableAutoConfigurationContextCustomizer@7d64e326, org.springframework.boot.test.autoconfigure.actuate.metrics.MetricsExportContextCustomizerFactory$DisableMetricExportContextCustomizer@6b8d96d9, org.springframework.boot.test.autoconfigure.filter.TypeExcludeFiltersContextCustomizer@96199a2f, org.springframework.boot.test.autoconfigure.properties.PropertyMappingContextCustomizer@231b7c59, org.springframework.boot.test.autoconfigure.web.servlet.WebDriverContextCustomizerFactory$Customizer@2dd80673, [ImportsContextCustomizer@6d24ffa1 key = [org.springframework.boot.autoconfigure.task.TaskExecutionAutoConfiguration, org.springframework.boot.autoconfigure.cache.CacheAutoConfiguration, org.springframework.boot.autoconfigure.web.servlet.HttpEncodingAutoConfiguration, org.springframework.boot.autoconfigure.validation.ValidationAutoConfiguration, org.springframework.boot.autoconfigure.context.MessageSourceAutoConfiguration, org.springframework.boot.autoconfigure.hateoas.HypermediaAutoConfiguration, org.springframework.boot.autoconfigure.data.web.SpringDataWebAutoConfiguration, org.springframework.boot.autoconfigure.jackson.JacksonAutoConfiguration, org.springframework.boot.test.autoconfigure.web.reactive.WebTestClientAutoConfiguration, org.springframework.boot.autoconfigure.web.servlet.error.ErrorMvcAutoConfiguration, org.springframework.boot.test.autoconfigure.web.servlet.MockMvcAutoConfiguration, org.springframework.boot.autoconfigure.security.servlet.SecurityAutoConfiguration, org.springframework.boot.autoconfigure.security.servlet.SecurityFilterAutoConfiguration, org.springframework.boot.autoconfigure.http.HttpMessageConvertersAutoConfiguration, org.springframework.boot.autoconfigure.security.oauth2.client.servlet.OAuth2ClientAutoConfiguration, org.springframework.boot.test.autoconfigure.web.servlet.MockMvcSecurityConfiguration, org.springframework.boot.test.autoconfigure.web.servlet.MockMvcWebClientAutoConfiguration, org.springframework.boot.test.autoconfigure.web.servlet.MockMvcWebDriverAutoConfiguration, org.springframework.boot.autoconfigure.thymeleaf.ThymeleafAutoConfiguration, org.springframework.boot.autoconfigure.gson.GsonAutoConfiguration, org.springframework.boot.autoconfigure.jsonb.JsonbAutoConfiguration, org.springframework.boot.autoconfigure.freemarker.FreeMarkerAutoConfiguration, org.springframework.boot.autoconfigure.web.servlet.WebMvcAutoConfiguration, org.springframework.boot.autoconfigure.security.servlet.UserDetailsServiceAutoConfiguration, org.springframework.boot.autoconfigure.security.oauth2.resource.servlet.OAuth2ResourceServerAutoConfiguration, org.springframework.boot.autoconfigure.groovy.template.GroovyTemplateAutoConfiguration, org.springframework.boot.autoconfigure.mustache.MustacheAutoConfiguration]], org.springframework.boot.test.context.filter.ExcludeFilterContextCustomizer@6f2cfcc2, org.springframework.boot.test.json.DuplicateJsonObjectContextCustomizerFactory$DuplicateJsonObjectContextCustomizer@ccb4b1b, org.springframework.boot.test.mock.mockito.MockitoContextCustomizer@0, org.springframework.boot.test.context.SpringBootTestArgs@1, org.springframework.boot.test.context.SpringBootTestWebEnvironment@0], resourceBasePath = 'src/main/webapp', contextLoader = 'org.springframework.boot.test.context.SpringBootContextLoader', parent = [null]], attributes = map['org.springframework.test.context.event.ApplicationEventsTestExecutionListener.recordApplicationEvents' -> false]]].

  .   ____          _            __ _ _
 /\\ / ___'_ __ _ _(_)_ __  __ _ \ \ \ \
( ( )\___ | '_ | '_| | '_ \/ _` | \ \ \ \
 \\/  ___)| |_)| | | | | || (_| |  ) ) ) )
  '  |____| .__|_| |_|_| |_\__, | / / / /
 =========|_|==============|___/=/_/_/_/
 :: Spring Boot ::               (v2.7.18)

2025-08-01 23:47:37.715  INFO 40380 --- [    Test worker] c.p.b.s.web.HelloControllerTest          : Starting HelloControllerTest using Java 17.0.11 on Aslop with PID 40380 (started by a0012 in C:\web_service_project\web-service-project)
2025-08-01 23:47:37.716  INFO 40380 --- [    Test worker] c.p.b.s.web.HelloControllerTest          : No active profile set, falling back to 1 default profile: "default"
2025-08-01 23:47:38.589  INFO 40380 --- [    Test worker] o.s.b.a.w.s.WelcomePageHandlerMapping    : Adding welcome page template: index
2025-08-01 23:47:38.953  INFO 40380 --- [    Test worker] o.s.s.web.DefaultSecurityFilterChain     : Will secure any request with [org.springframework.security.web.session.DisableEncodeUrlFilter@6af65f29, org.springframework.security.web.context.request.async.WebAsyncManagerIntegrationFilter@370c9018, org.springframework.security.web.context.SecurityContextPersistenceFilter@1129829c, org.springframework.security.web.header.HeaderWriterFilter@443cdaa4, org.springframework.security.web.csrf.CsrfFilter@31efacad, org.springframework.security.web.authentication.logout.LogoutFilter@3f857e08, org.springframework.security.oauth2.client.web.OAuth2AuthorizationRequestRedirectFilter@5b0dbfb, org.springframework.security.oauth2.client.web.OAuth2AuthorizationRequestRedirectFilter@62b6c045, org.springframework.security.oauth2.client.web.OAuth2LoginAuthenticationFilter@16bd7ae1, org.springframework.security.web.authentication.ui.DefaultLoginPageGeneratingFilter@7f2c57fe, org.springframework.security.web.authentication.ui.DefaultLogoutPageGeneratingFilter@3c81cd82, org.springframework.security.web.savedrequest.RequestCacheAwareFilter@13213f26, org.springframework.security.web.servletapi.SecurityContextHolderAwareRequestFilter@4e4162bc, org.springframework.security.web.authentication.AnonymousAuthenticationFilter@111c229c, org.springframework.security.oauth2.client.web.OAuth2AuthorizationCodeGrantFilter@706f6d26, org.springframework.security.web.session.SessionManagementFilter@486e9d1d, org.springframework.security.web.access.ExceptionTranslationFilter@7742a45c, org.springframework.security.web.access.intercept.FilterSecurityInterceptor@25791d40]
2025-08-01 23:47:39.044  INFO 40380 --- [    Test worker] o.s.b.t.m.w.SpringBootMockServletContext : Initializing Spring TestDispatcherServlet ''
2025-08-01 23:47:39.044  INFO 40380 --- [    Test worker] o.s.t.web.servlet.TestDispatcherServlet  : Initializing Servlet ''
2025-08-01 23:47:39.045  INFO 40380 --- [    Test worker] o.s.t.web.servlet.TestDispatcherServlet  : Completed initialization in 1 ms
2025-08-01 23:47:39.072  INFO 40380 --- [    Test worker] c.p.b.s.web.HelloControllerTest          : Started HelloControllerTest in 1.607 seconds (JVM running for 2.5)
]]></system-out>
  <system-err><![CDATA[]]></system-err>
</testsuite>
